starting log: 16/04/19 10:45
concat
in filename: ./trimalign/OG0009201.align.trim.nexus
in filename: ./trimalign/OG0009208.align.trim.nexus
in filename: ./trimalign/OG0009345.align.trim.nexus
in filename: ./trimalign/OG0009357.align.trim.nexus
in filename: ./trimalign/OG0009360.align.trim.nexus
in filename: ./trimalign/OG0009480.align.trim.nexus
in filename: ./trimalign/OG0009504.align.trim.nexus
in filename: ./trimalign/OG0009539.align.trim.nexus
in filename: ./trimalign/OG0009548.align.trim.nexus
in filename: ./trimalign/OG0009582.align.trim.nexus
in filename: ./trimalign/OG0009588.align.trim.nexus
in filename: ./trimalign/OG0009600.align.trim.nexus
in filename: ./trimalign/OG0009626.align.trim.nexus
in filename: ./trimalign/OG0009643.align.trim.nexus
in filename: ./trimalign/OG0009647.align.trim.nexus
in filename: ./trimalign/OG0009650.align.trim.nexus
in filename: ./trimalign/OG0009660.align.trim.nexus
in filename: ./trimalign/OG0009852.align.trim.nexus
in filename: ./trimalign/OG0009876.align.trim.nexus
in filename: ./trimalign/OG0009880.align.trim.nexus
in filename: ./trimalign/OG0009899.align.trim.nexus
in filename: ./trimalign/OG0009901.align.trim.nexus
in filename: ./trimalign/OG0009903.align.trim.nexus
in filename: ./trimalign/OG0009975.align.trim.nexus
in filename: ./trimalign/OG0009981.align.trim.nexus
in filename: ./trimalign/OG0009986.align.trim.nexus
in filename: ./trimalign/OG0009987.align.trim.nexus
in filename: ./trimalign/OG0010001.align.trim.nexus
in filename: ./trimalign/OG0010015.align.trim.nexus
in filename: ./trimalign/OG0010055.align.trim.nexus
in filename: ./trimalign/OG0010165.align.trim.nexus
in filename: ./trimalign/OG0010200.align.trim.nexus
in filename: ./trimalign/OG0010203.align.trim.nexus
in filename: ./trimalign/OG0010222.align.trim.nexus
in filename: ./trimalign/OG0010254.align.trim.nexus
in filename: ./trimalign/OG0010255.align.trim.nexus
in filename: ./trimalign/OG0010264.align.trim.nexus
in filename: ./trimalign/OG0010267.align.trim.nexus
in filename: ./trimalign/OG0010284.align.trim.nexus
in filename: ./trimalign/OG0010295.align.trim.nexus
in filename: ./trimalign/OG0010300.align.trim.nexus
in filename: ./trimalign/OG0010309.align.trim.nexus
in filename: ./trimalign/OG0010314.align.trim.nexus
in filename: ./trimalign/OG0010337.align.trim.nexus
in filename: ./trimalign/OG0010357.align.trim.nexus
in filename: ./trimalign/OG0010453.align.trim.nexus
in filename: ./trimalign/OG0010464.align.trim.nexus
in filename: ./trimalign/OG0010468.align.trim.nexus
in filename: ./trimalign/OG0010474.align.trim.nexus
in filename: ./trimalign/OG0010482.align.trim.nexus
in filename: ./trimalign/OG0010504.align.trim.nexus
in filename: ./trimalign/OG0010524.align.trim.nexus
in filename: ./trimalign/OG0010528.align.trim.nexus
in filename: ./trimalign/OG0010537.align.trim.nexus
in filename: ./trimalign/OG0010539.align.trim.nexus
in filename: ./trimalign/OG0010553.align.trim.nexus
in filename: ./trimalign/OG0010563.align.trim.nexus
in filename: ./trimalign/OG0010568.align.trim.nexus
in filename: ./trimalign/OG0010581.align.trim.nexus
in filename: ./trimalign/OG0010597.align.trim.nexus
in filename: ./trimalign/OG0010601.align.trim.nexus
in filename: ./trimalign/OG0010602.align.trim.nexus
in filename: ./trimalign/OG0010603.align.trim.nexus
in filename: ./trimalign/OG0010621.align.trim.nexus
in filename: ./trimalign/OG0010630.align.trim.nexus
in filename: ./trimalign/OG0010631.align.trim.nexus
in filename: ./trimalign/OG0010633.align.trim.nexus
in filename: ./trimalign/OG0010643.align.trim.nexus
in filename: ./trimalign/OG0010649.align.trim.nexus
in filename: ./trimalign/OG0010670.align.trim.nexus
in filename: ./trimalign/OG0010684.align.trim.nexus
in filename: ./trimalign/OG0010821.align.trim.nexus
in filename: ./trimalign/OG0010836.align.trim.nexus
in filename: ./trimalign/OG0010856.align.trim.nexus
in filename: ./trimalign/OG0010864.align.trim.nexus
in filename: ./trimalign/OG0010871.align.trim.nexus
in filename: ./trimalign/OG0010873.align.trim.nexus
in filename: ./trimalign/OG0010889.align.trim.nexus
in filename: ./trimalign/OG0010891.align.trim.nexus
in filename: ./trimalign/OG0010894.align.trim.nexus
in filename: ./trimalign/OG0010899.align.trim.nexus
in filename: ./trimalign/OG0010908.align.trim.nexus
in filename: ./trimalign/OG0010924.align.trim.nexus
in filename: ./trimalign/OG0010939.align.trim.nexus
in filename: ./trimalign/OG0010946.align.trim.nexus
in filename: ./trimalign/OG0010956.align.trim.nexus
in filename: ./trimalign/OG0010958.align.trim.nexus
in filename: ./trimalign/OG0010972.align.trim.nexus
in filename: ./trimalign/OG0010998.align.trim.nexus
in filename: ./trimalign/OG0011129.align.trim.nexus
in filename: ./trimalign/OG0011143.align.trim.nexus
in filename: ./trimalign/OG0011144.align.trim.nexus
in filename: ./trimalign/OG0011182.align.trim.nexus
in filename: ./trimalign/OG0011187.align.trim.nexus
in filename: ./trimalign/OG0011212.align.trim.nexus
in filename: ./trimalign/OG0011229.align.trim.nexus
in filename: ./trimalign/OG0011230.align.trim.nexus
in filename: ./trimalign/OG0011232.align.trim.nexus
in filename: ./trimalign/OG0011245.align.trim.nexus
in filename: ./trimalign/OG0011261.align.trim.nexus
in filename: ./trimalign/OG0011292.align.trim.nexus
in filename: ./trimalign/OG0011310.align.trim.nexus
in filename: ./trimalign/OG0011324.align.trim.nexus
in filename: ./trimalign/OG0011343.align.trim.nexus
in filename: ./trimalign/OG0011346.align.trim.nexus
in filename: ./trimalign/OG0011350.align.trim.nexus
in filename: ./trimalign/OG0011353.align.trim.nexus
in filename: ./trimalign/OG0011359.align.trim.nexus
in filename: ./trimalign/OG0011511.align.trim.nexus
in filename: ./trimalign/OG0011539.align.trim.nexus
in filename: ./trimalign/OG0011540.align.trim.nexus
in filename: ./trimalign/OG0011548.align.trim.nexus
in filename: ./trimalign/OG0011553.align.trim.nexus
in filename: ./trimalign/OG0011583.align.trim.nexus
in filename: ./trimalign/OG0011612.align.trim.nexus
in filename: ./trimalign/OG0011619.align.trim.nexus
in filename: ./trimalign/OG0011628.align.trim.nexus
in filename: ./trimalign/OG0011662.align.trim.nexus
in filename: ./trimalign/OG0011781.align.trim.nexus
in filename: ./trimalign/OG0011858.align.trim.nexus
in filename: ./trimalign/OG0011860.align.trim.nexus
in filename: ./trimalign/OG0011885.align.trim.nexus
in filename: ./trimalign/OG0011887.align.trim.nexus
in filename: ./trimalign/OG0011891.align.trim.nexus
in filename: ./trimalign/OG0011919.align.trim.nexus
in filename: ./trimalign/OG0011938.align.trim.nexus
in filename: ./trimalign/OG0012128.align.trim.nexus
in filename: ./trimalign/OG0012168.align.trim.nexus
in filename: ./trimalign/OG0012205.align.trim.nexus
in filename: ./trimalign/OG0012209.align.trim.nexus
in filename: ./trimalign/OG0012221.align.trim.nexus
in filename: ./trimalign/OG0012238.align.trim.nexus
in filename: ./trimalign/OG0012327.align.trim.nexus
in filename: ./trimalign/OG0012425.align.trim.nexus
in filename: ./trimalign/OG0012435.align.trim.nexus
in filename: ./trimalign/OG0012461.align.trim.nexus
in filename: ./trimalign/OG0012489.align.trim.nexus
in filename: ./trimalign/OG0012499.align.trim.nexus
in filename: ./trimalign/OG0012565.align.trim.nexus
in filename: ./trimalign/OG0012673.align.trim.nexus
in filename: ./trimalign/OG0012889.align.trim.nexus
in filename: ./trimalign/OG0013210.align.trim.nexus
in filename: ./trimalign/OG0013223.align.trim.nexus
in filename: ./trimalign/OG0013259.align.trim.nexus
in filename: ./trimalign/OG0013278.align.trim.nexus
in filename: ./trimalign/OG0013283.align.trim.nexus
in filename: ./trimalign/OG0013557.align.trim.nexus
in filename: ./trimalign/OG0013756.align.trim.nexus
in filename: ./trimalign/OG0013935.align.trim.nexus
in filename: ./trimalign/OG0013971.align.trim.nexus
in filename: ./trimalign/OG0014580.align.trim.nexus
in filename: ./trimalign/OG0017725.align.trim.nexus
outfile: ../orthogroup.concat.fasta
starting log: 16/04/19 10:46
concat
in filename: ./trimalign/OG0009201.align.trim
in filename: ./trimalign/OG0009208.align.trim
in filename: ./trimalign/OG0009345.align.trim
in filename: ./trimalign/OG0009357.align.trim
in filename: ./trimalign/OG0009360.align.trim
in filename: ./trimalign/OG0009480.align.trim
in filename: ./trimalign/OG0009504.align.trim
in filename: ./trimalign/OG0009539.align.trim
in filename: ./trimalign/OG0009548.align.trim
in filename: ./trimalign/OG0009582.align.trim
in filename: ./trimalign/OG0009588.align.trim
in filename: ./trimalign/OG0009600.align.trim
in filename: ./trimalign/OG0009626.align.trim
in filename: ./trimalign/OG0009643.align.trim
in filename: ./trimalign/OG0009647.align.trim
in filename: ./trimalign/OG0009650.align.trim
in filename: ./trimalign/OG0009660.align.trim
in filename: ./trimalign/OG0009852.align.trim
in filename: ./trimalign/OG0009876.align.trim
in filename: ./trimalign/OG0009880.align.trim
in filename: ./trimalign/OG0009899.align.trim
in filename: ./trimalign/OG0009901.align.trim
in filename: ./trimalign/OG0009903.align.trim
in filename: ./trimalign/OG0009975.align.trim
in filename: ./trimalign/OG0009981.align.trim
in filename: ./trimalign/OG0009986.align.trim
in filename: ./trimalign/OG0009987.align.trim
in filename: ./trimalign/OG0010001.align.trim
in filename: ./trimalign/OG0010015.align.trim
in filename: ./trimalign/OG0010055.align.trim
in filename: ./trimalign/OG0010165.align.trim
in filename: ./trimalign/OG0010200.align.trim
in filename: ./trimalign/OG0010203.align.trim
in filename: ./trimalign/OG0010222.align.trim
in filename: ./trimalign/OG0010254.align.trim
in filename: ./trimalign/OG0010255.align.trim
in filename: ./trimalign/OG0010264.align.trim
in filename: ./trimalign/OG0010267.align.trim
in filename: ./trimalign/OG0010284.align.trim
in filename: ./trimalign/OG0010295.align.trim
in filename: ./trimalign/OG0010300.align.trim
in filename: ./trimalign/OG0010309.align.trim
in filename: ./trimalign/OG0010314.align.trim
in filename: ./trimalign/OG0010337.align.trim
in filename: ./trimalign/OG0010357.align.trim
in filename: ./trimalign/OG0010453.align.trim
in filename: ./trimalign/OG0010464.align.trim
in filename: ./trimalign/OG0010468.align.trim
in filename: ./trimalign/OG0010474.align.trim
in filename: ./trimalign/OG0010482.align.trim
in filename: ./trimalign/OG0010504.align.trim
in filename: ./trimalign/OG0010524.align.trim
in filename: ./trimalign/OG0010528.align.trim
in filename: ./trimalign/OG0010537.align.trim
in filename: ./trimalign/OG0010539.align.trim
in filename: ./trimalign/OG0010553.align.trim
in filename: ./trimalign/OG0010563.align.trim
in filename: ./trimalign/OG0010568.align.trim
in filename: ./trimalign/OG0010581.align.trim
in filename: ./trimalign/OG0010597.align.trim
in filename: ./trimalign/OG0010601.align.trim
in filename: ./trimalign/OG0010602.align.trim
in filename: ./trimalign/OG0010603.align.trim
in filename: ./trimalign/OG0010621.align.trim
in filename: ./trimalign/OG0010630.align.trim
in filename: ./trimalign/OG0010631.align.trim
in filename: ./trimalign/OG0010633.align.trim
in filename: ./trimalign/OG0010643.align.trim
in filename: ./trimalign/OG0010649.align.trim
in filename: ./trimalign/OG0010670.align.trim
in filename: ./trimalign/OG0010684.align.trim
in filename: ./trimalign/OG0010821.align.trim
in filename: ./trimalign/OG0010836.align.trim
in filename: ./trimalign/OG0010856.align.trim
in filename: ./trimalign/OG0010864.align.trim
in filename: ./trimalign/OG0010871.align.trim
in filename: ./trimalign/OG0010873.align.trim
in filename: ./trimalign/OG0010889.align.trim
in filename: ./trimalign/OG0010891.align.trim
in filename: ./trimalign/OG0010894.align.trim
in filename: ./trimalign/OG0010899.align.trim
in filename: ./trimalign/OG0010908.align.trim
in filename: ./trimalign/OG0010924.align.trim
in filename: ./trimalign/OG0010939.align.trim
in filename: ./trimalign/OG0010946.align.trim
in filename: ./trimalign/OG0010956.align.trim
in filename: ./trimalign/OG0010958.align.trim
in filename: ./trimalign/OG0010972.align.trim
in filename: ./trimalign/OG0010998.align.trim
in filename: ./trimalign/OG0011129.align.trim
in filename: ./trimalign/OG0011143.align.trim
in filename: ./trimalign/OG0011144.align.trim
in filename: ./trimalign/OG0011182.align.trim
in filename: ./trimalign/OG0011187.align.trim
in filename: ./trimalign/OG0011212.align.trim
in filename: ./trimalign/OG0011229.align.trim
in filename: ./trimalign/OG0011230.align.trim
in filename: ./trimalign/OG0011232.align.trim
in filename: ./trimalign/OG0011245.align.trim
in filename: ./trimalign/OG0011261.align.trim
in filename: ./trimalign/OG0011292.align.trim
in filename: ./trimalign/OG0011310.align.trim
in filename: ./trimalign/OG0011324.align.trim
in filename: ./trimalign/OG0011343.align.trim
in filename: ./trimalign/OG0011346.align.trim
in filename: ./trimalign/OG0011350.align.trim
in filename: ./trimalign/OG0011353.align.trim
in filename: ./trimalign/OG0011359.align.trim
in filename: ./trimalign/OG0011511.align.trim
in filename: ./trimalign/OG0011539.align.trim
in filename: ./trimalign/OG0011540.align.trim
in filename: ./trimalign/OG0011548.align.trim
in filename: ./trimalign/OG0011553.align.trim
in filename: ./trimalign/OG0011583.align.trim
in filename: ./trimalign/OG0011612.align.trim
in filename: ./trimalign/OG0011619.align.trim
in filename: ./trimalign/OG0011628.align.trim
in filename: ./trimalign/OG0011662.align.trim
in filename: ./trimalign/OG0011781.align.trim
in filename: ./trimalign/OG0011858.align.trim
in filename: ./trimalign/OG0011860.align.trim
in filename: ./trimalign/OG0011885.align.trim
in filename: ./trimalign/OG0011887.align.trim
in filename: ./trimalign/OG0011891.align.trim
in filename: ./trimalign/OG0011919.align.trim
in filename: ./trimalign/OG0011938.align.trim
in filename: ./trimalign/OG0012128.align.trim
in filename: ./trimalign/OG0012168.align.trim
in filename: ./trimalign/OG0012205.align.trim
in filename: ./trimalign/OG0012209.align.trim
in filename: ./trimalign/OG0012221.align.trim
in filename: ./trimalign/OG0012238.align.trim
in filename: ./trimalign/OG0012327.align.trim
in filename: ./trimalign/OG0012425.align.trim
in filename: ./trimalign/OG0012435.align.trim
in filename: ./trimalign/OG0012461.align.trim
in filename: ./trimalign/OG0012489.align.trim
in filename: ./trimalign/OG0012499.align.trim
in filename: ./trimalign/OG0012565.align.trim
in filename: ./trimalign/OG0012673.align.trim
in filename: ./trimalign/OG0012889.align.trim
in filename: ./trimalign/OG0013210.align.trim
in filename: ./trimalign/OG0013223.align.trim
in filename: ./trimalign/OG0013259.align.trim
in filename: ./trimalign/OG0013278.align.trim
in filename: ./trimalign/OG0013283.align.trim
in filename: ./trimalign/OG0013557.align.trim
in filename: ./trimalign/OG0013756.align.trim
in filename: ./trimalign/OG0013935.align.trim
in filename: ./trimalign/OG0013971.align.trim
in filename: ./trimalign/OG0014580.align.trim
in filename: ./trimalign/OG0017725.align.trim
outfile: ../orthogroup.concat.fasta
